********************************************************************************
DUPLICATOR-LITE PACKAGE-LOG: November 29, 2021 2:58 pm
NOTICE: Do NOT post to public sites or forums 
********************************************************************************
VERSION:	1.4.3
WORDPRESS:	5.8.2
PHP INFO:	7.1.32 | SAPI: apache2handler
SERVER:		Apache/2.4.41 (Win64) OpenSSL/1.0.2s PHP/7.1.32 
PHP TIME LIMIT: (0) no time limit imposed 
PHP MAX MEMORY: 4294967296 (256M default) 
MEMORY STACK: 2MB

********************************************************************************
DATABASE:
********************************************************************************
BUILD MODE:   MYSQLDUMP
MYSQLTIMEOUT: 5000
MYSQLDUMP:    Is Supported
SQL CREATED: 20211129_webmask_85dc0c93a4860e9a7359_20211129145807_database.sql
SQL FILE SIZE: 4.08MB (4277716)
SQL FILE TIME: 2021-11-29 14:58:32
SQL RUNTIME: 9.56 sec.

********************************************************************************
ARCHIVE (ZIP):
********************************************************************************
ARCHIVE DIR:  C:/xampp/htdocs/WebMask
ARCHIVE FILE: 20211129_webmask_85dc0c93a4860e9a7359_20211129145807_archive.zip
FILTERS: *OFF*
DIRS:
	not set
FILES:
	not set
EXTS:  not set
----------------------------------------
COMPRESSING
SIZE:	433.14MB
STATS:	Dirs 1,844 | Files 12,285
SQL ADDED: 20211129_webmask_85dc0c93a4860e9a7359_20211129145807_database.sql
ZipArchive Object
(
    [status] => 0
    [statusSys] => 0
    [numFiles] => 14129
    [filename] => C:\xampp\htdocs\WebMask\wp-content\backups-dup-lite\tmp\20211129_webmask_85dc0c93a4860e9a7359_20211129145807_archive.zip
    [comment] => 
)

FILE ADDED TO ZIP: 14128
COMPRESSION RESULT: '1'
COMPRESSED SIZE: 338.31MB
ARCHIVE RUNTIME: 153.39 sec.
MEMORY STACK: 6MB
building installer
add_extra_files1
add_extra_files2
add_extra_files3
add_extra_files4
Doing archive file check
add_extra_files5
add_extra_files6
add_extra_files8
Successfully opened zip C:/xampp/htdocs/WebMask/wp-content/backups-dup-lite/tmp/20211129_webmask_85dc0c93a4860e9a7359_20211129145807_archive.zip
Adding enhanced installer files to archive using ZipArchive
Installer files added to archive
Added to archive
After ziparchive close when adding installer

********************************************************************************
INTEGRITY CHECKS:
********************************************************************************
SQL FILE: 4.08MB
INSTALLER FILE: 64.26KB
ARCHIVE FILE: 339.37MB 
EXPECTED FILE/DIRECTORY COUNT: 14,129
ACTUAL FILE/DIRECTORY COUNT: 14,128
ARCHIVE CONSISTENCY TEST: Pass

********************************************************************************
RECORD ID:[1]
TOTAL PROCESS RUNTIME: 164.93 sec.
PEAK PHP MEMORY USED: 10MB
DONE PROCESSING => 20211129_webmask November 29, 2021 3:01 pm

